2026-01-05 13:56:23 - INFO - Exclusive system lock acquired.
2026-01-05 13:56:23 - INFO - 
━━━━━━━━━━━━━━━━━━━━━━━━━━━━━━━━━━━━━━━━━━━━━━━━━━━━━━━━━━━━━━━━━━━━━━━━━━━━━━━━
                           ENVIRONMENT INITIALIZATION                           
━━━━━━━━━━━━━━━━━━━━━━━━━━━━━━━━━━━━━━━━━━━━━━━━━━━━━━━━━━━━━━━━━━━━━━━━━━━━━━━━
2026-01-05 13:56:23 - INFO - [HARDWARE]
2026-01-05 13:56:23 - INFO -   » Active Device:  CPU
2026-01-05 13:56:23 - INFO -   » DataLoader:     7 workers
2026-01-05 13:56:23 - INFO -   » Compute Fabric: 7 threads
2026-01-05 13:56:23 - INFO - 
2026-01-05 13:56:23 - INFO - [DATASET]
2026-01-05 13:56:23 - INFO -   » Name:         bloodmnist
2026-01-05 13:56:23 - INFO -   » Resolution:   28px
2026-01-05 13:56:23 - INFO -   » Mode:         NATIVE-RGB
2026-01-05 13:56:23 - INFO -   » Anatomical:   False
2026-01-05 13:56:23 - INFO -   » Texture:      False
2026-01-05 13:56:23 - INFO - 
2026-01-05 13:56:23 - INFO - [STRATEGY]
2026-01-05 13:56:23 - INFO -   » Model:        resnet_18_adapted
2026-01-05 13:56:23 - INFO -   » Pretrained:   True
2026-01-05 13:56:23 - INFO -   » TTA Mode:     LIGHT (CPU Optimized)
2026-01-05 13:56:23 - INFO -   » Reproduce:    DISABLED (Standard)
2026-01-05 13:56:23 - INFO - [HYPERPARAMETERS]
2026-01-05 13:56:23 - INFO -   » Epochs:       60
2026-01-05 13:56:23 - INFO -   » Batch Size:   128
2026-01-05 13:56:23 - INFO -   » Learn Rate:   8.00e-03
2026-01-05 13:56:23 - INFO - 
2026-01-05 13:56:23 - INFO - [FILESYSTEM]
2026-01-05 13:56:23 - INFO -   » Run Root:     /home/tommaso-russo/med_mnist/outputs/20260105_bloodmnist_resnet18adapted_893a
2026-01-05 13:56:23 - INFO - ━━━━━━━━━━━━━━━━━━━━━━━━━━━━━━━━━━━━━━━━━━━━━━━━━━━━━━━━━━━━━━━━━━━━━━━━━━━━━━━━

2026-01-05 13:56:23 - INFO - 
━━━━━━━━━━━━━━━━━━━━━━━━━━━━━━━━━━━━━━━━━━━━━━━━━━━━━━━━━━━━━━━━━━━━━━━━━━━━━━━━
                                DATA PREPARATION                                
━━━━━━━━━━━━━━━━━━━━━━━━━━━━━━━━━━━━━━━━━━━━━━━━━━━━━━━━━━━━━━━━━━━━━━━━━━━━━━━━
2026-01-05 13:56:23 - INFO - Valid dataset 'bloodmnist' found at: /home/tommaso-russo/med_mnist/dataset/bloodmnist.npz
2026-01-05 13:56:23 - INFO - DataLoaders synchronized (RGB) → Train:[11959] Val:[1712] Test:[2000]
2026-01-05 13:56:24 - INFO - Sample images saved → /home/tommaso-russo/med_mnist/outputs/20260105_bloodmnist_resnet18adapted_893a/figures/dataset_samples.png
2026-01-05 13:56:24 - INFO - 
################################################################################
                      STARTING PIPELINE: RESNET_18_ADAPTED                      
################################################################################
2026-01-05 13:56:24 - INFO - Instantiating model 'resnet_18_adapted' | Num Classes: 8, | In Channels: 3
2026-01-05 13:56:24 - INFO - Model initialized on CPU | Total Parameters: 11,172,936
2026-01-05 13:56:24 - INFO - Trainer initialized. Best model checkpoint: best_resnet18adapted.pth
2026-01-05 13:56:24 - INFO - ----------------------- Epoch 01/60 ------------------------
2026-01-05 13:59:28 - INFO - Epoch 1 Validation AUC: 0.9814 Previous Best AUC: -1.0000
2026-01-05 13:59:28 - INFO - New best model! Val AUC: 0.9814 ↑ Checkpoint saved.
2026-01-05 13:59:28 - INFO - Loss: [T: 1.0618 | V: 0.4986] | Acc: 0.8265 (Best Acc: 0.8265) | AUC: 0.9814 (Best AUC: 0.9814) | LR: 7.99e-03 | Patience: 15
2026-01-05 13:59:28 - INFO - ----------------------- Epoch 02/60 ------------------------
2026-01-05 14:02:30 - INFO - Epoch 2 Validation AUC: 0.9936 Previous Best AUC: 0.9814
2026-01-05 14:02:30 - INFO - New best model! Val AUC: 0.9936 ↑ Checkpoint saved.
2026-01-05 14:02:30 - INFO - Loss: [T: 0.7443 | V: 0.2978] | Acc: 0.9100 (Best Acc: 0.9100) | AUC: 0.9936 (Best AUC: 0.9936) | LR: 7.98e-03 | Patience: 15
2026-01-05 14:02:30 - INFO - ----------------------- Epoch 03/60 ------------------------
2026-01-05 14:05:31 - INFO - Epoch 3 Validation AUC: 0.9956 Previous Best AUC: 0.9936
2026-01-05 14:05:31 - INFO - New best model! Val AUC: 0.9956 ↑ Checkpoint saved.
2026-01-05 14:05:31 - INFO - Loss: [T: 0.5811 | V: 0.2323] | Acc: 0.9264 (Best Acc: 0.9264) | AUC: 0.9956 (Best AUC: 0.9956) | LR: 7.95e-03 | Patience: 15
2026-01-05 14:05:31 - INFO - ----------------------- Epoch 04/60 ------------------------
2026-01-05 14:08:32 - INFO - Epoch 4 Validation AUC: 0.9968 Previous Best AUC: 0.9956
2026-01-05 14:08:32 - INFO - New best model! Val AUC: 0.9968 ↑ Checkpoint saved.
2026-01-05 14:08:32 - INFO - Loss: [T: 0.5922 | V: 0.2253] | Acc: 0.9375 (Best Acc: 0.9375) | AUC: 0.9968 (Best AUC: 0.9968) | LR: 7.91e-03 | Patience: 15
2026-01-05 14:08:32 - INFO - ----------------------- Epoch 05/60 ------------------------
2026-01-05 14:11:33 - INFO - Epoch 5 Validation AUC: 0.9967 Previous Best AUC: 0.9968
2026-01-05 14:11:33 - INFO - Loss: [T: 0.5715 | V: 0.2373] | Acc: 0.9264 (Best Acc: 0.9375) | AUC: 0.9967 (Best AUC: 0.9968) | LR: 7.86e-03 | Patience: 14
2026-01-05 14:11:33 - INFO - ----------------------- Epoch 06/60 ------------------------
2026-01-05 14:14:34 - INFO - Epoch 6 Validation AUC: 0.9961 Previous Best AUC: 0.9968
2026-01-05 14:14:34 - INFO - Loss: [T: 0.5484 | V: 0.2413] | Acc: 0.9229 (Best Acc: 0.9375) | AUC: 0.9961 (Best AUC: 0.9968) | LR: 7.80e-03 | Patience: 13
2026-01-05 14:14:34 - INFO - ----------------------- Epoch 07/60 ------------------------
2026-01-05 14:17:35 - INFO - Epoch 7 Validation AUC: 0.9978 Previous Best AUC: 0.9968
2026-01-05 14:17:35 - INFO - New best model! Val AUC: 0.9978 ↑ Checkpoint saved.
2026-01-05 14:17:35 - INFO - Loss: [T: 0.5248 | V: 0.1948] | Acc: 0.9509 (Best Acc: 0.9509) | AUC: 0.9978 (Best AUC: 0.9978) | LR: 7.73e-03 | Patience: 15
2026-01-05 14:17:35 - INFO - ----------------------- Epoch 08/60 ------------------------
2026-01-05 14:20:36 - INFO - Epoch 8 Validation AUC: 0.9971 Previous Best AUC: 0.9978
2026-01-05 14:20:36 - INFO - Loss: [T: 0.5724 | V: 0.2059] | Acc: 0.9404 (Best Acc: 0.9509) | AUC: 0.9971 (Best AUC: 0.9978) | LR: 7.65e-03 | Patience: 14
2026-01-05 14:20:36 - INFO - ----------------------- Epoch 09/60 ------------------------
2026-01-05 14:23:38 - INFO - Epoch 9 Validation AUC: 0.9969 Previous Best AUC: 0.9978
2026-01-05 14:23:38 - INFO - Loss: [T: 0.4817 | V: 0.2211] | Acc: 0.9340 (Best Acc: 0.9509) | AUC: 0.9969 (Best AUC: 0.9978) | LR: 7.56e-03 | Patience: 13
2026-01-05 14:23:38 - INFO - ----------------------- Epoch 10/60 ------------------------
2026-01-05 14:26:40 - INFO - Epoch 10 Validation AUC: 0.9980 Previous Best AUC: 0.9978
2026-01-05 14:26:40 - INFO - New best model! Val AUC: 0.9980 ↑ Checkpoint saved.
2026-01-05 14:26:40 - INFO - Loss: [T: 0.5308 | V: 0.1979] | Acc: 0.9468 (Best Acc: 0.9509) | AUC: 0.9980 (Best AUC: 0.9980) | LR: 7.46e-03 | Patience: 15
2026-01-05 14:26:40 - INFO - ----------------------- Epoch 11/60 ------------------------
2026-01-05 14:29:41 - INFO - Epoch 11 Validation AUC: 0.9983 Previous Best AUC: 0.9980
2026-01-05 14:29:41 - INFO - New best model! Val AUC: 0.9983 ↑ Checkpoint saved.
2026-01-05 14:29:41 - INFO - Loss: [T: 0.4846 | V: 0.1598] | Acc: 0.9539 (Best Acc: 0.9539) | AUC: 0.9983 (Best AUC: 0.9983) | LR: 7.35e-03 | Patience: 15
2026-01-05 14:29:41 - INFO - ----------------------- Epoch 12/60 ------------------------
2026-01-05 14:32:42 - INFO - Epoch 12 Validation AUC: 0.9970 Previous Best AUC: 0.9983
2026-01-05 14:32:42 - INFO - Loss: [T: 0.4654 | V: 0.1908] | Acc: 0.9457 (Best Acc: 0.9539) | AUC: 0.9970 (Best AUC: 0.9983) | LR: 7.24e-03 | Patience: 14
2026-01-05 14:32:42 - INFO - ----------------------- Epoch 13/60 ------------------------
2026-01-05 14:35:43 - INFO - Epoch 13 Validation AUC: 0.9984 Previous Best AUC: 0.9983
2026-01-05 14:35:43 - INFO - New best model! Val AUC: 0.9984 ↑ Checkpoint saved.
2026-01-05 14:35:43 - INFO - Loss: [T: 0.4776 | V: 0.1790] | Acc: 0.9527 (Best Acc: 0.9539) | AUC: 0.9984 (Best AUC: 0.9984) | LR: 7.11e-03 | Patience: 15
2026-01-05 14:35:43 - INFO - ----------------------- Epoch 14/60 ------------------------
2026-01-05 14:38:45 - INFO - Epoch 14 Validation AUC: 0.9981 Previous Best AUC: 0.9984
2026-01-05 14:38:45 - INFO - Loss: [T: 0.4747 | V: 0.1755] | Acc: 0.9480 (Best Acc: 0.9539) | AUC: 0.9981 (Best AUC: 0.9984) | LR: 6.97e-03 | Patience: 14
2026-01-05 14:38:45 - INFO - ----------------------- Epoch 15/60 ------------------------
2026-01-05 14:41:47 - INFO - Epoch 15 Validation AUC: 0.9986 Previous Best AUC: 0.9984
2026-01-05 14:41:47 - INFO - New best model! Val AUC: 0.9986 ↑ Checkpoint saved.
2026-01-05 14:41:47 - INFO - Loss: [T: 0.3710 | V: 0.1412] | Acc: 0.9620 (Best Acc: 0.9620) | AUC: 0.9986 (Best AUC: 0.9986) | LR: 6.83e-03 | Patience: 15
2026-01-05 14:41:47 - INFO - ----------------------- Epoch 16/60 ------------------------
2026-01-05 14:44:49 - INFO - Epoch 16 Validation AUC: 0.9968 Previous Best AUC: 0.9986
2026-01-05 14:44:49 - INFO - Loss: [T: 0.4662 | V: 0.2006] | Acc: 0.9381 (Best Acc: 0.9620) | AUC: 0.9968 (Best AUC: 0.9986) | LR: 6.68e-03 | Patience: 14
2026-01-05 14:44:49 - INFO - ----------------------- Epoch 17/60 ------------------------
2026-01-05 14:47:50 - INFO - Epoch 17 Validation AUC: 0.9985 Previous Best AUC: 0.9986
2026-01-05 14:47:50 - INFO - Loss: [T: 0.4979 | V: 0.1663] | Acc: 0.9521 (Best Acc: 0.9620) | AUC: 0.9985 (Best AUC: 0.9986) | LR: 6.52e-03 | Patience: 13
2026-01-05 14:47:50 - INFO - ----------------------- Epoch 18/60 ------------------------
2026-01-05 14:50:51 - INFO - Epoch 18 Validation AUC: 0.9985 Previous Best AUC: 0.9986
2026-01-05 14:50:51 - INFO - Loss: [T: 0.4794 | V: 0.1262] | Acc: 0.9620 (Best Acc: 0.9620) | AUC: 0.9985 (Best AUC: 0.9986) | LR: 6.35e-03 | Patience: 12
2026-01-05 14:50:51 - INFO - ----------------------- Epoch 19/60 ------------------------
2026-01-05 14:53:53 - INFO - Epoch 19 Validation AUC: 0.9984 Previous Best AUC: 0.9986
2026-01-05 14:53:53 - INFO - Loss: [T: 0.4018 | V: 0.1549] | Acc: 0.9504 (Best Acc: 0.9620) | AUC: 0.9984 (Best AUC: 0.9986) | LR: 6.18e-03 | Patience: 11
2026-01-05 14:53:53 - INFO - ----------------------- Epoch 20/60 ------------------------
2026-01-05 14:56:54 - INFO - Epoch 20 Validation AUC: 0.9979 Previous Best AUC: 0.9986
2026-01-05 14:56:54 - INFO - Loss: [T: 0.4221 | V: 0.1691] | Acc: 0.9591 (Best Acc: 0.9620) | AUC: 0.9979 (Best AUC: 0.9986) | LR: 6.00e-03 | Patience: 10
2026-01-05 14:56:54 - INFO - ----------------------- Epoch 21/60 ------------------------
2026-01-05 14:59:54 - INFO - Epoch 21 Validation AUC: 0.9986 Previous Best AUC: 0.9986
2026-01-05 14:59:54 - INFO - New best model! Val AUC: 0.9986 ↑ Checkpoint saved.
2026-01-05 14:59:54 - INFO - Loss: [T: 0.3980 | V: 0.1486] | Acc: 0.9579 (Best Acc: 0.9620) | AUC: 0.9986 (Best AUC: 0.9986) | LR: 5.82e-03 | Patience: 15
2026-01-05 14:59:54 - INFO - ----------------------- Epoch 22/60 ------------------------
2026-01-05 15:02:55 - INFO - Epoch 22 Validation AUC: 0.9978 Previous Best AUC: 0.9986
2026-01-05 15:02:55 - INFO - Loss: [T: 0.4521 | V: 0.1944] | Acc: 0.9445 (Best Acc: 0.9620) | AUC: 0.9978 (Best AUC: 0.9986) | LR: 5.63e-03 | Patience: 14
2026-01-05 15:02:55 - INFO - ----------------------- Epoch 23/60 ------------------------
2026-01-05 15:05:57 - INFO - Epoch 23 Validation AUC: 0.9981 Previous Best AUC: 0.9986
2026-01-05 15:05:57 - INFO - Loss: [T: 0.4779 | V: 0.2023] | Acc: 0.9416 (Best Acc: 0.9620) | AUC: 0.9981 (Best AUC: 0.9986) | LR: 5.43e-03 | Patience: 13
2026-01-05 15:05:57 - INFO - ----------------------- Epoch 24/60 ------------------------
2026-01-05 15:08:58 - INFO - Epoch 24 Validation AUC: 0.9980 Previous Best AUC: 0.9986
2026-01-05 15:08:58 - INFO - Loss: [T: 0.4695 | V: 0.1826] | Acc: 0.9451 (Best Acc: 0.9620) | AUC: 0.9980 (Best AUC: 0.9986) | LR: 5.24e-03 | Patience: 12
2026-01-05 15:08:58 - INFO - ----------------------- Epoch 25/60 ------------------------
2026-01-05 15:11:59 - INFO - Epoch 25 Validation AUC: 0.9982 Previous Best AUC: 0.9986
2026-01-05 15:11:59 - INFO - Loss: [T: 0.3988 | V: 0.1614] | Acc: 0.9533 (Best Acc: 0.9620) | AUC: 0.9982 (Best AUC: 0.9986) | LR: 5.04e-03 | Patience: 11
2026-01-05 15:11:59 - INFO - ----------------------- Epoch 26/60 ------------------------
2026-01-05 15:15:01 - INFO - Epoch 26 Validation AUC: 0.9985 Previous Best AUC: 0.9986
2026-01-05 15:15:01 - INFO - Loss: [T: 0.4300 | V: 0.1617] | Acc: 0.9603 (Best Acc: 0.9620) | AUC: 0.9985 (Best AUC: 0.9986) | LR: 4.83e-03 | Patience: 10
2026-01-05 15:15:01 - INFO - ----------------------- Epoch 27/60 ------------------------
2026-01-05 15:18:03 - INFO - Epoch 27 Validation AUC: 0.9981 Previous Best AUC: 0.9986
2026-01-05 15:18:03 - INFO - Loss: [T: 0.3511 | V: 0.1368] | Acc: 0.9614 (Best Acc: 0.9620) | AUC: 0.9981 (Best AUC: 0.9986) | LR: 4.63e-03 | Patience: 9
2026-01-05 15:18:03 - INFO - ----------------------- Epoch 28/60 ------------------------
2026-01-05 15:21:04 - INFO - Epoch 28 Validation AUC: 0.9984 Previous Best AUC: 0.9986
2026-01-05 15:21:04 - INFO - Loss: [T: 0.3666 | V: 0.1478] | Acc: 0.9568 (Best Acc: 0.9620) | AUC: 0.9984 (Best AUC: 0.9986) | LR: 4.42e-03 | Patience: 8
2026-01-05 15:21:04 - INFO - ----------------------- Epoch 29/60 ------------------------
2026-01-05 15:24:05 - INFO - Epoch 29 Validation AUC: 0.9983 Previous Best AUC: 0.9986
2026-01-05 15:24:05 - INFO - Loss: [T: 0.4478 | V: 0.1843] | Acc: 0.9504 (Best Acc: 0.9620) | AUC: 0.9983 (Best AUC: 0.9986) | LR: 4.21e-03 | Patience: 7
2026-01-05 15:24:05 - INFO - ----------------------- Epoch 30/60 ------------------------
2026-01-05 15:27:07 - INFO - Epoch 30 Validation AUC: 0.9983 Previous Best AUC: 0.9986
2026-01-05 15:27:07 - INFO - Loss: [T: 0.3248 | V: 0.1456] | Acc: 0.9591 (Best Acc: 0.9620) | AUC: 0.9983 (Best AUC: 0.9986) | LR: 4.00e-03 | Patience: 6
2026-01-05 15:27:07 - INFO - ----------------------- Epoch 31/60 ------------------------
2026-01-05 15:30:09 - INFO - Epoch 31 Validation AUC: 0.9989 Previous Best AUC: 0.9986
2026-01-05 15:30:09 - INFO - New best model! Val AUC: 0.9989 ↑ Checkpoint saved.
2026-01-05 15:30:09 - INFO - Loss: [T: 0.0558 | V: 0.0856] | Acc: 0.9725 (Best Acc: 0.9725) | AUC: 0.9989 (Best AUC: 0.9989) | LR: 3.79e-03 | Patience: 15
2026-01-05 15:30:09 - INFO - ----------------------- Epoch 32/60 ------------------------
2026-01-05 15:33:11 - INFO - Epoch 32 Validation AUC: 0.9988 Previous Best AUC: 0.9989
2026-01-05 15:33:11 - INFO - Loss: [T: 0.0471 | V: 0.1131] | Acc: 0.9609 (Best Acc: 0.9725) | AUC: 0.9988 (Best AUC: 0.9989) | LR: 3.58e-03 | Patience: 14
2026-01-05 15:33:11 - INFO - ----------------------- Epoch 33/60 ------------------------
2026-01-05 15:36:12 - INFO - Epoch 33 Validation AUC: 0.9989 Previous Best AUC: 0.9989
2026-01-05 15:36:12 - INFO - Loss: [T: 0.0522 | V: 0.1064] | Acc: 0.9655 (Best Acc: 0.9725) | AUC: 0.9989 (Best AUC: 0.9989) | LR: 3.37e-03 | Patience: 13
2026-01-05 15:36:12 - INFO - ----------------------- Epoch 34/60 ------------------------
2026-01-05 15:39:14 - INFO - Epoch 34 Validation AUC: 0.9981 Previous Best AUC: 0.9989
2026-01-05 15:39:14 - INFO - Loss: [T: 0.0417 | V: 0.1053] | Acc: 0.9661 (Best Acc: 0.9725) | AUC: 0.9981 (Best AUC: 0.9989) | LR: 3.17e-03 | Patience: 12
2026-01-05 15:39:14 - INFO - ----------------------- Epoch 35/60 ------------------------
2026-01-05 15:42:15 - INFO - Epoch 35 Validation AUC: 0.9990 Previous Best AUC: 0.9989
2026-01-05 15:42:15 - INFO - New best model! Val AUC: 0.9990 ↑ Checkpoint saved.
2026-01-05 15:42:15 - INFO - Loss: [T: 0.0402 | V: 0.1103] | Acc: 0.9667 (Best Acc: 0.9725) | AUC: 0.9990 (Best AUC: 0.9990) | LR: 2.97e-03 | Patience: 15
2026-01-05 15:42:15 - INFO - ----------------------- Epoch 36/60 ------------------------
2026-01-05 15:45:16 - INFO - Epoch 36 Validation AUC: 0.9988 Previous Best AUC: 0.9990
2026-01-05 15:45:16 - INFO - Loss: [T: 0.0394 | V: 0.0933] | Acc: 0.9679 (Best Acc: 0.9725) | AUC: 0.9988 (Best AUC: 0.9990) | LR: 2.76e-03 | Patience: 14
2026-01-05 15:45:16 - INFO - ----------------------- Epoch 37/60 ------------------------
2026-01-05 15:48:18 - INFO - Epoch 37 Validation AUC: 0.9989 Previous Best AUC: 0.9990
2026-01-05 15:48:18 - INFO - Loss: [T: 0.0356 | V: 0.1065] | Acc: 0.9655 (Best Acc: 0.9725) | AUC: 0.9989 (Best AUC: 0.9990) | LR: 2.57e-03 | Patience: 13
2026-01-05 15:48:18 - INFO - ----------------------- Epoch 38/60 ------------------------
2026-01-05 15:51:19 - INFO - Epoch 38 Validation AUC: 0.9985 Previous Best AUC: 0.9990
2026-01-05 15:51:19 - INFO - Loss: [T: 0.0367 | V: 0.0993] | Acc: 0.9679 (Best Acc: 0.9725) | AUC: 0.9985 (Best AUC: 0.9990) | LR: 2.37e-03 | Patience: 12
2026-01-05 15:51:19 - INFO - ----------------------- Epoch 39/60 ------------------------
2026-01-05 15:54:20 - INFO - Epoch 39 Validation AUC: 0.9982 Previous Best AUC: 0.9990
2026-01-05 15:54:20 - INFO - Loss: [T: 0.0308 | V: 0.0972] | Acc: 0.9702 (Best Acc: 0.9725) | AUC: 0.9982 (Best AUC: 0.9990) | LR: 2.18e-03 | Patience: 11
2026-01-05 15:54:20 - INFO - ----------------------- Epoch 40/60 ------------------------
2026-01-05 15:57:22 - INFO - Epoch 40 Validation AUC: 0.9985 Previous Best AUC: 0.9990
2026-01-05 15:57:22 - INFO - Loss: [T: 0.0340 | V: 0.1114] | Acc: 0.9679 (Best Acc: 0.9725) | AUC: 0.9985 (Best AUC: 0.9990) | LR: 2.00e-03 | Patience: 10
2026-01-05 15:57:22 - INFO - ----------------------- Epoch 41/60 ------------------------
2026-01-05 16:00:23 - INFO - Epoch 41 Validation AUC: 0.9989 Previous Best AUC: 0.9990
2026-01-05 16:00:23 - INFO - Loss: [T: 0.0287 | V: 0.0977] | Acc: 0.9720 (Best Acc: 0.9725) | AUC: 0.9989 (Best AUC: 0.9990) | LR: 1.82e-03 | Patience: 9
2026-01-05 16:00:23 - INFO - ----------------------- Epoch 42/60 ------------------------
2026-01-05 16:03:24 - INFO - Epoch 42 Validation AUC: 0.9983 Previous Best AUC: 0.9990
2026-01-05 16:03:24 - INFO - Loss: [T: 0.0297 | V: 0.0940] | Acc: 0.9737 (Best Acc: 0.9737) | AUC: 0.9983 (Best AUC: 0.9990) | LR: 1.65e-03 | Patience: 8
2026-01-05 16:03:24 - INFO - ----------------------- Epoch 43/60 ------------------------
2026-01-05 16:06:26 - INFO - Epoch 43 Validation AUC: 0.9984 Previous Best AUC: 0.9990
2026-01-05 16:06:26 - INFO - Loss: [T: 0.0276 | V: 0.0955] | Acc: 0.9702 (Best Acc: 0.9737) | AUC: 0.9984 (Best AUC: 0.9990) | LR: 1.48e-03 | Patience: 7
2026-01-05 16:06:26 - INFO - ----------------------- Epoch 44/60 ------------------------
2026-01-05 16:09:27 - INFO - Epoch 44 Validation AUC: 0.9986 Previous Best AUC: 0.9990
2026-01-05 16:09:27 - INFO - Loss: [T: 0.0240 | V: 0.1120] | Acc: 0.9644 (Best Acc: 0.9737) | AUC: 0.9986 (Best AUC: 0.9990) | LR: 1.32e-03 | Patience: 6
2026-01-05 16:09:27 - INFO - ----------------------- Epoch 45/60 ------------------------
2026-01-05 16:12:29 - INFO - Epoch 45 Validation AUC: 0.9988 Previous Best AUC: 0.9990
2026-01-05 16:12:29 - INFO - Loss: [T: 0.0269 | V: 0.0991] | Acc: 0.9667 (Best Acc: 0.9737) | AUC: 0.9988 (Best AUC: 0.9990) | LR: 1.17e-03 | Patience: 5
2026-01-05 16:12:29 - INFO - ----------------------- Epoch 46/60 ------------------------
2026-01-05 16:15:31 - INFO - Epoch 46 Validation AUC: 0.9992 Previous Best AUC: 0.9990
2026-01-05 16:15:31 - INFO - New best model! Val AUC: 0.9992 ↑ Checkpoint saved.
2026-01-05 16:15:31 - INFO - Loss: [T: 0.0231 | V: 0.1003] | Acc: 0.9667 (Best Acc: 0.9737) | AUC: 0.9992 (Best AUC: 0.9992) | LR: 1.03e-03 | Patience: 15
2026-01-05 16:15:31 - INFO - ----------------------- Epoch 47/60 ------------------------
2026-01-05 16:18:33 - INFO - Epoch 47 Validation AUC: 0.9989 Previous Best AUC: 0.9992
2026-01-05 16:18:33 - INFO - Loss: [T: 0.0247 | V: 0.0986] | Acc: 0.9673 (Best Acc: 0.9737) | AUC: 0.9989 (Best AUC: 0.9992) | LR: 8.92e-04 | Patience: 14
2026-01-05 16:18:33 - INFO - ----------------------- Epoch 48/60 ------------------------
2026-01-05 16:21:35 - INFO - Epoch 48 Validation AUC: 0.9991 Previous Best AUC: 0.9992
2026-01-05 16:21:35 - INFO - Loss: [T: 0.0239 | V: 0.0974] | Acc: 0.9714 (Best Acc: 0.9737) | AUC: 0.9991 (Best AUC: 0.9992) | LR: 7.65e-04 | Patience: 13
2026-01-05 16:21:35 - INFO - ----------------------- Epoch 49/60 ------------------------
2026-01-05 16:24:38 - INFO - Epoch 49 Validation AUC: 0.9990 Previous Best AUC: 0.9992
2026-01-05 16:24:38 - INFO - Loss: [T: 0.0220 | V: 0.1031] | Acc: 0.9690 (Best Acc: 0.9737) | AUC: 0.9990 (Best AUC: 0.9992) | LR: 6.46e-04 | Patience: 12
2026-01-05 16:24:38 - INFO - ----------------------- Epoch 50/60 ------------------------
2026-01-05 16:27:39 - INFO - Epoch 50 Validation AUC: 0.9987 Previous Best AUC: 0.9992
2026-01-05 16:27:39 - INFO - Loss: [T: 0.0205 | V: 0.0938] | Acc: 0.9720 (Best Acc: 0.9737) | AUC: 0.9987 (Best AUC: 0.9992) | LR: 5.37e-04 | Patience: 11
2026-01-05 16:27:39 - INFO - ----------------------- Epoch 51/60 ------------------------
2026-01-05 16:30:41 - INFO - Epoch 51 Validation AUC: 0.9989 Previous Best AUC: 0.9992
2026-01-05 16:30:41 - INFO - Loss: [T: 0.0198 | V: 0.0970] | Acc: 0.9702 (Best Acc: 0.9737) | AUC: 0.9989 (Best AUC: 0.9992) | LR: 4.37e-04 | Patience: 10
2026-01-05 16:30:41 - INFO - ----------------------- Epoch 52/60 ------------------------
2026-01-05 16:33:42 - INFO - Epoch 52 Validation AUC: 0.9990 Previous Best AUC: 0.9992
2026-01-05 16:33:42 - INFO - Loss: [T: 0.0215 | V: 0.0945] | Acc: 0.9708 (Best Acc: 0.9737) | AUC: 0.9990 (Best AUC: 0.9992) | LR: 3.47e-04 | Patience: 9
2026-01-05 16:33:42 - INFO - ----------------------- Epoch 53/60 ------------------------
2026-01-05 16:36:44 - INFO - Epoch 53 Validation AUC: 0.9991 Previous Best AUC: 0.9992
2026-01-05 16:36:44 - INFO - Loss: [T: 0.0190 | V: 0.0976] | Acc: 0.9696 (Best Acc: 0.9737) | AUC: 0.9991 (Best AUC: 0.9992) | LR: 2.67e-04 | Patience: 8
2026-01-05 16:36:44 - INFO - ----------------------- Epoch 54/60 ------------------------
2026-01-05 16:39:46 - INFO - Epoch 54 Validation AUC: 0.9991 Previous Best AUC: 0.9992
2026-01-05 16:39:46 - INFO - Loss: [T: 0.0213 | V: 0.0967] | Acc: 0.9720 (Best Acc: 0.9737) | AUC: 0.9991 (Best AUC: 0.9992) | LR: 1.97e-04 | Patience: 7
2026-01-05 16:39:46 - INFO - ----------------------- Epoch 55/60 ------------------------
2026-01-05 16:42:48 - INFO - Epoch 55 Validation AUC: 0.9989 Previous Best AUC: 0.9992
2026-01-05 16:42:48 - INFO - Loss: [T: 0.0190 | V: 0.0962] | Acc: 0.9696 (Best Acc: 0.9737) | AUC: 0.9989 (Best AUC: 0.9992) | LR: 1.37e-04 | Patience: 6
2026-01-05 16:42:48 - INFO - ----------------------- Epoch 56/60 ------------------------
2026-01-05 16:45:50 - INFO - Epoch 56 Validation AUC: 0.9990 Previous Best AUC: 0.9992
2026-01-05 16:45:50 - INFO - Loss: [T: 0.0179 | V: 0.0987] | Acc: 0.9679 (Best Acc: 0.9737) | AUC: 0.9990 (Best AUC: 0.9992) | LR: 8.84e-05 | Patience: 5
2026-01-05 16:45:50 - INFO - ----------------------- Epoch 57/60 ------------------------
2026-01-05 16:48:52 - INFO - Epoch 57 Validation AUC: 0.9990 Previous Best AUC: 0.9992
2026-01-05 16:48:52 - INFO - Loss: [T: 0.0207 | V: 0.0969] | Acc: 0.9690 (Best Acc: 0.9737) | AUC: 0.9990 (Best AUC: 0.9992) | LR: 5.02e-05 | Patience: 4
2026-01-05 16:48:52 - INFO - ----------------------- Epoch 58/60 ------------------------
2026-01-05 16:51:54 - INFO - Epoch 58 Validation AUC: 0.9990 Previous Best AUC: 0.9992
2026-01-05 16:51:54 - INFO - Loss: [T: 0.0169 | V: 0.0987] | Acc: 0.9702 (Best Acc: 0.9737) | AUC: 0.9990 (Best AUC: 0.9992) | LR: 2.29e-05 | Patience: 3
2026-01-05 16:51:54 - INFO - ----------------------- Epoch 59/60 ------------------------
2026-01-05 16:54:55 - INFO - Epoch 59 Validation AUC: 0.9990 Previous Best AUC: 0.9992
2026-01-05 16:54:55 - INFO - Loss: [T: 0.0198 | V: 0.0953] | Acc: 0.9685 (Best Acc: 0.9737) | AUC: 0.9990 (Best AUC: 0.9992) | LR: 6.48e-06 | Patience: 2
2026-01-05 16:54:55 - INFO - ----------------------- Epoch 60/60 ------------------------
2026-01-05 16:57:57 - INFO - Epoch 60 Validation AUC: 0.9991 Previous Best AUC: 0.9992
2026-01-05 16:57:57 - INFO - Loss: [T: 0.0178 | V: 0.0992] | Acc: 0.9685 (Best Acc: 0.9737) | AUC: 0.9991 (Best AUC: 0.9992) | LR: 1.00e-06 | Patience: 1
2026-01-05 16:57:57 - INFO - Training finished. Peak Validation Accuracy: 0.9737
2026-01-05 16:57:57 - INFO - 
━━━━━━━━━━━━━━━━━━━━━━━━━━━━━━━━━━━━━━━━━━━━━━━━━━━━━━━━━━━━━━━━━━━━━━━━━━━━━━━━
                             FINAL EVALUATION PHASE                             
━━━━━━━━━━━━━━━━━━━━━━━━━━━━━━━━━━━━━━━━━━━━━━━━━━━━━━━━━━━━━━━━━━━━━━━━━━━━━━━━
2026-01-05 16:57:58 - INFO -  » Checkpoint weights restored from: best_resnet18adapted.pth
2026-01-05 16:58:59 - INFO - Test Metrics -> Acc: 0.9710 | AUC: 0.9983 | F1: 0.9680 | TTA ENABLED (Mode: Light/CPU)
2026-01-05 16:58:59 - INFO - Confusion matrix saved → confusion_matrix.png
2026-01-05 16:58:59 - INFO - Training curves saved → training_curves.png
2026-01-05 16:59:00 - INFO - Predictions grid saved → sample_predictions.png
2026-01-05 16:59:00 - INFO - Summary Excel report saved to → training_summary.xlsx
2026-01-05 16:59:00 - INFO - Final Evaluation Phase Complete. Test Acc: 0.9710
2026-01-05 16:59:00 - INFO - 
################################################################################
                           PIPELINE EXECUTION SUMMARY                           
━━━━━━━━━━━━━━━━━━━━━━━━━━━━━━━━━━━━━━━━━━━━━━━━━━━━━━━━━━━━━━━━━━━━━━━━━━━━━━━━
  » Dataset:      bloodmnist
  » Architecture: resnet_18_adapted
  » Test Acc:       97.10%
  » Macro F1:       0.9680
  » Device:       cpu
  » Artifacts:    /home/tommaso-russo/med_mnist/outputs/20260105_bloodmnist_resnet18adapted_893a
################################################################################
2026-01-05 16:59:00 - INFO - Pipeline Shutdown completed. Run directory: /home/tommaso-russo/med_mnist/outputs/20260105_bloodmnist_resnet18adapted_893a
2026-01-05 16:59:00 - INFO -  » System resource lock released successfully.
